<?xml version="1.0" encoding="UTF-8"?>
<testng-results ignored="0" total="3" passed="2" failed="1" skipped="0">
  <reporter-output>
  </reporter-output>
  <suite started-at="2023-09-01T10:06:51 UTC" name="Surefire suite" finished-at="2023-09-01T10:07:34 UTC" duration-ms="43286">
    <groups>
    </groups>
    <test started-at="2023-09-01T10:06:51 UTC" name="Surefire test" finished-at="2023-09-01T10:07:34 UTC" duration-ms="43286">
      <class name="runner.Testcase1">
        <test-method is-config="true" signature="beforeMethod()[pri:0, instance:runner.Testcase1@11392934]" started-at="2023-09-01T10:06:51 UTC" name="beforeMethod" finished-at="2023-09-01T10:06:56 UTC" duration-ms="5473" status="PASS">
          <reporter-output>
          </reporter-output>
        </test-method> <!-- beforeMethod -->
        <test-method signature="Tc001()[pri:1, instance:runner.Testcase1@11392934]" started-at="2023-09-01T10:06:56 UTC" name="Tc001" finished-at="2023-09-01T10:07:17 UTC" duration-ms="20630" status="PASS">
          <reporter-output>
          </reporter-output>
        </test-method> <!-- Tc001 -->
        <test-method is-config="true" signature="afterMethod()[pri:0, instance:runner.Testcase1@11392934]" started-at="2023-09-01T10:07:17 UTC" name="afterMethod" finished-at="2023-09-01T10:07:18 UTC" duration-ms="748" status="PASS">
          <reporter-output>
          </reporter-output>
        </test-method> <!-- afterMethod -->
        <test-method is-config="true" signature="beforeMethod()[pri:0, instance:runner.Testcase1@11392934]" started-at="2023-09-01T10:07:19 UTC" name="beforeMethod" finished-at="2023-09-01T10:07:22 UTC" duration-ms="3641" status="PASS">
          <reporter-output>
          </reporter-output>
        </test-method> <!-- beforeMethod -->
        <test-method signature="Tc002(java.lang.String,java.lang.String)[pri:2, instance:runner.Testcase1@11392934]" started-at="2023-09-01T10:07:22 UTC" name="Tc002" data-provider="testData" finished-at="2023-09-01T10:07:26 UTC" duration-ms="3632" status="PASS">
          <params>
            <param index="0">
              <value>
                <![CDATA[Mumbai]]>
              </value>
            </param>
            <param index="1">
              <value>
                <![CDATA[Chennai]]>
              </value>
            </param>
          </params>
          <reporter-output>
          </reporter-output>
        </test-method> <!-- Tc002 -->
        <test-method is-config="true" signature="afterMethod()[pri:0, instance:runner.Testcase1@11392934]" started-at="2023-09-01T10:07:26 UTC" name="afterMethod" finished-at="2023-09-01T10:07:26 UTC" duration-ms="188" status="PASS">
          <reporter-output>
          </reporter-output>
        </test-method> <!-- afterMethod -->
        <test-method is-config="true" signature="beforeMethod()[pri:0, instance:runner.Testcase1@11392934]" started-at="2023-09-01T10:07:26 UTC" name="beforeMethod" finished-at="2023-09-01T10:07:30 UTC" duration-ms="4074" status="PASS">
          <reporter-output>
          </reporter-output>
        </test-method> <!-- beforeMethod -->
        <test-method signature="Tc003()[pri:3, instance:runner.Testcase1@11392934]" started-at="2023-09-01T10:07:30 UTC" name="Tc003" finished-at="2023-09-01T10:07:34 UTC" duration-ms="3720" status="FAIL">
          <exception class="java.lang.AssertionError">
            <message>
              <![CDATA[Page URL doesn't contain both 'Bangalore' and 'Coimbatore' keywords expected [true] but found [false]]]>
            </message>
            <full-stacktrace>
              <![CDATA[java.lang.AssertionError: Page URL doesn't contain both 'Bangalore' and 'Coimbatore' keywords expected [true] but found [false]
at org.testng.Assert.fail(Assert.java:111)
at org.testng.Assert.failNotEquals(Assert.java:1578)
at org.testng.Assert.assertTrue(Assert.java:57)
at runner.Testcase1.Tc003(Testcase1.java:174)
at java.base/jdk.internal.reflect.NativeMethodAccessorImpl.invoke0(Native Method)
at java.base/jdk.internal.reflect.NativeMethodAccessorImpl.invoke(NativeMethodAccessorImpl.java:62)
at java.base/jdk.internal.reflect.DelegatingMethodAccessorImpl.invoke(DelegatingMethodAccessorImpl.java:43)
at java.base/java.lang.reflect.Method.invoke(Method.java:566)
at org.testng.internal.invokers.MethodInvocationHelper.invokeMethod(MethodInvocationHelper.java:139)
at org.testng.internal.invokers.TestInvoker.invokeMethod(TestInvoker.java:664)
at org.testng.internal.invokers.TestInvoker.invokeTestMethod(TestInvoker.java:227)
at org.testng.internal.invokers.MethodRunner.runInSequence(MethodRunner.java:50)
at org.testng.internal.invokers.TestInvoker$MethodInvocationAgent.invoke(TestInvoker.java:957)
at org.testng.internal.invokers.TestInvoker.invokeTestMethods(TestInvoker.java:200)
at org.testng.internal.invokers.TestMethodWorker.invokeTestMethods(TestMethodWorker.java:148)
at org.testng.internal.invokers.TestMethodWorker.run(TestMethodWorker.java:128)
at java.base/java.util.ArrayList.forEach(ArrayList.java:1541)
at org.testng.TestRunner.privateRun(TestRunner.java:848)
at org.testng.TestRunner.run(TestRunner.java:621)
at org.testng.SuiteRunner.runTest(SuiteRunner.java:443)
at org.testng.SuiteRunner.runSequentially(SuiteRunner.java:437)
at org.testng.SuiteRunner.privateRun(SuiteRunner.java:397)
at org.testng.SuiteRunner.run(SuiteRunner.java:336)
at org.testng.SuiteRunnerWorker.runSuite(SuiteRunnerWorker.java:52)
at org.testng.SuiteRunnerWorker.run(SuiteRunnerWorker.java:95)
at org.testng.TestNG.runSuitesSequentially(TestNG.java:1280)
at org.testng.TestNG.runSuitesLocally(TestNG.java:1200)
at org.testng.TestNG.runSuites(TestNG.java:1114)
at org.testng.TestNG.run(TestNG.java:1082)
at org.apache.maven.surefire.testng.TestNGExecutor.run(TestNGExecutor.java:135)
at org.apache.maven.surefire.testng.TestNGDirectoryTestSuite.executeSingleClass(TestNGDirectoryTestSuite.java:112)
at org.apache.maven.surefire.testng.TestNGDirectoryTestSuite.execute(TestNGDirectoryTestSuite.java:99)
at org.apache.maven.surefire.testng.TestNGProvider.invoke(TestNGProvider.java:146)
at org.apache.maven.surefire.booter.ForkedBooter.invokeProviderInSameClassLoader(ForkedBooter.java:384)
at org.apache.maven.surefire.booter.ForkedBooter.runSuitesInProcess(ForkedBooter.java:345)
at org.apache.maven.surefire.booter.ForkedBooter.execute(ForkedBooter.java:126)
at org.apache.maven.surefire.booter.ForkedBooter.main(ForkedBooter.java:418)
]]>
            </full-stacktrace>
          </exception> <!-- java.lang.AssertionError -->
          <reporter-output>
          </reporter-output>
        </test-method> <!-- Tc003 -->
        <test-method is-config="true" signature="afterMethod()[pri:0, instance:runner.Testcase1@11392934]" started-at="2023-09-01T10:07:34 UTC" name="afterMethod" finished-at="2023-09-01T10:07:34 UTC" duration-ms="147" status="PASS">
          <reporter-output>
          </reporter-output>
        </test-method> <!-- afterMethod -->
      </class> <!-- runner.Testcase1 -->
    </test> <!-- Surefire test -->
  </suite> <!-- Surefire suite -->
</testng-results>
